\BOOKMARK [1][-]{Rfn.Bigtop.Rul.reqs.1}{Bigtop\137reqs}{}% 1
\BOOKMARK [1][-]{Rfn.bioclim.Rul.hydrotherm.1}{bioclim\137hydrotherm}{}% 2
\BOOKMARK [1][-]{Rfn.bioclim.Rul.thermal.1}{bioclim\137thermal}{}% 3
\BOOKMARK [1][-]{Rfn.chill.Rul.hours.1}{chill\137hours}{}% 4
\BOOKMARK [1][-]{Rfn.chill.Rul.portions.1}{chill\137portions}{}% 5
\BOOKMARK [1][-]{Rfn.chill.Rul.units.1}{chill\137units}{}% 6
\BOOKMARK [1][-]{Rfn.color.Rul.potential.1}{color\137potential}{}% 7
\BOOKMARK [1][-]{Rfn.coolness.Rul.index.1}{coolness\137index}{}% 8
\BOOKMARK [1][-]{Rfn.Dates.Rul.BT.1}{Dates\137BT}{}% 9
\BOOKMARK [1][-]{Rfn.DTR.1}{DTR}{}% 10
\BOOKMARK [1][-]{Rfn.ET.Rul.penman.1}{ET\137penman}{}% 11
\BOOKMARK [1][-]{Rfn.ET.Rul.penman.Rul.monteith.1}{ET\137penman\137monteith}{}% 12
\BOOKMARK [1][-]{Rfn.GDD.Rul.linear.1}{GDD\137linear}{}% 13
\BOOKMARK [1][-]{Rfn.GDH.Rul.asymcur.1}{GDH\137asymcur}{}% 14
\BOOKMARK [1][-]{Rfn.GDH.Rul.linear.1}{GDH\137linear}{}% 15
\BOOKMARK [1][-]{Rfn.hourly.Rul.RH.1}{hourly\137RH}{}% 16
\BOOKMARK [1][-]{Rfn.hourly.Rul.temps.1}{hourly\137temps}{}% 17
\BOOKMARK [1][-]{Rfn.hourly.Rul.windspeed.1}{hourly\137windspeed}{}% 18
\BOOKMARK [1][-]{Rfn.moderate.Rul.wind.1}{moderate\137wind}{}% 19
\BOOKMARK [1][-]{Rfn.phenology.Rul.sequential.1}{phenology\137sequential}{}% 20
\BOOKMARK [1][-]{Rfn.phenology.Rul.thermal.Rul.time.1}{phenology\137thermal\137time}{}% 21
\BOOKMARK [1][-]{Rfn.pollination.Rul.weather.1}{pollination\137weather}{}% 22
\BOOKMARK [1][-]{Rfn.russet.1}{russet}{}% 23
\BOOKMARK [1][-]{Rfn.solar.Rul.times.1}{solar\137times}{}% 24
\BOOKMARK [1][-]{Rfn.spring.Rul.frost.1}{spring\137frost}{}% 25
\BOOKMARK [1][-]{Rfn.sunburn.1}{sunburn}{}% 26
\BOOKMARK [1][-]{Rfn.Tcrits.Rul.peach.1}{Tcrits\137peach}{}% 27
\BOOKMARK [1][-]{Rfn.Tudela.Rul.DW.1}{Tudela\137DW}{}% 28
\BOOKMARK [1][-]{Rfn.wind.Rul.scab.1}{wind\137scab}{}% 29
\BOOKMARK [0][-]{index.0}{Index}{}% 30
